<?xml version="1.0" encoding="UTF-8"?>
<!-- Generated by org.testng.reporters.JUnitReportReporter -->
<testsuite skipped="0" hostname="Rajesh-V" name="com.TestNg_Project.Multiple_Data" tests="2" failures="0" timestamp="2021-12-28T14:13:36 IST" time="0.010" errors="0">
  <testcase name="data" time="0.001" classname="com.TestNg_Project.Multiple_Data"/>
  <system-out/>
  <testcase name="data" time="0.009" classname="com.TestNg_Project.Multiple_Data"/>
  <system-out/>
</testsuite> <!-- com.TestNg_Project.Multiple_Data -->
