<?xml version="1.0" encoding="UTF-8"?>
<!-- Generated by org.testng.reporters.JUnitReportReporter -->
<testsuite skipped="0" hostname="Rajesh-V" name="com.TestNg_Project.Invocation_Count" tests="5" failures="0" timestamp="2021-12-28T13:09:16 IST" time="0.013" errors="0">
  <testcase name="browserlaunch" time="0.007" classname="com.TestNg_Project.Invocation_Count"/>
  <system-out/>
  <testcase name="url" time="0.001" classname="com.TestNg_Project.Invocation_Count"/>
  <system-out/>
  <testcase name="refresh" time="0.001" classname="com.TestNg_Project.Invocation_Count"/>
  <system-out/>
  <testcase name="refresh" time="0.003" classname="com.TestNg_Project.Invocation_Count"/>
  <system-out/>
  <testcase name="refresh" time="0.001" classname="com.TestNg_Project.Invocation_Count"/>
  <system-out/>
</testsuite> <!-- com.TestNg_Project.Invocation_Count -->
