<?xml version="1.0" encoding="UTF-8"?>
<!-- Generated by org.testng.reporters.JUnitReportReporter -->
<testsuite skipped="0" hostname="Rajesh-V" name="com.TestNg_Project.Dependency_Demo" tests="3" failures="0" timestamp="2021-12-28T14:30:21 IST" time="0.008" errors="0">
  <testcase name="Mobile" time="0.006" classname="com.TestNg_Project.Dependency_Demo"/>
  <system-out/>
  <testcase name="Offer" time="0.000" classname="com.TestNg_Project.Dependency_Demo"/>
  <system-out/>
  <testcase name="Watch" time="0.002" classname="com.TestNg_Project.Dependency_Demo"/>
  <system-out/>
</testsuite> <!-- com.TestNg_Project.Dependency_Demo -->
