<?xml version="1.0" encoding="UTF-8"?>
<!-- Generated by org.testng.reporters.JUnitReportReporter -->
<testsuite skipped="0" hostname="Rajesh-V" name="com.TestNg_Project.Priority_Features" tests="3" failures="0" timestamp="2021-12-21T19:52:55 IST" time="0.028" errors="0">
  <testcase name="kids" time="0.019" classname="com.TestNg_Project.Priority_Features"/>
  <system-out/>
  <testcase name="women" time="0.004" classname="com.TestNg_Project.Priority_Features"/>
  <system-out/>
  <testcase name="men" time="0.005" classname="com.TestNg_Project.Priority_Features"/>
  <system-out/>
</testsuite> <!-- com.TestNg_Project.Priority_Features -->
