<?xml version="1.0" encoding="UTF-8"?>
<!-- Generated by org.testng.reporters.JUnitReportReporter -->
<testsuite skipped="0" hostname="Rajesh-V" name="com.TestNg_Project.Project1_TestNg" tests="3" failures="0" timestamp="2021-12-30T19:27:09 IST" time="140.323" errors="0">
  <testcase name="WomenDress" time="42.526" classname="com.TestNg_Project.Project1_TestNg"/>
  <system-out/>
  <testcase name="DressPage" time="48.675" classname="com.TestNg_Project.Project1_TestNg"/>
  <system-out/>
  <testcase name="TShirts" time="49.122" classname="com.TestNg_Project.Project1_TestNg"/>
  <system-out/>
</testsuite> <!-- com.TestNg_Project.Project1_TestNg -->
