<?xml version="1.0" encoding="UTF-8"?>
<!-- Generated by org.testng.reporters.JUnitReportReporter -->
<testsuite skipped="0" hostname="Rajesh-V" name="com.TestNg_Project.Simple_Annotations" tests="3" failures="0" timestamp="2021-12-21T19:40:27 IST" time="0.014" errors="0">
  <testcase name="men" time="0.003" classname="com.TestNg_Project.Simple_Annotations"/>
  <system-out/>
  <testcase name="kids" time="0.009" classname="com.TestNg_Project.Simple_Annotations"/>
  <system-out/>
  <testcase name="women" time="0.002" classname="com.TestNg_Project.Simple_Annotations"/>
  <system-out/>
</testsuite> <!-- com.TestNg_Project.Simple_Annotations -->
