<?xml version="1.0" encoding="UTF-8"?>
<!-- Generated by org.testng.reporters.JUnitReportReporter -->
<testsuite skipped="0" hostname="Rajesh-V" name="com.TestNg_Project.Grouping_Features" tests="8" failures="0" timestamp="2021-12-28T13:08:24 IST" time="0.020" errors="0">
  <testcase name="polymorphism" time="0.002" classname="com.TestNg_Project.Grouping_Features"/>
  <system-out/>
  <testcase name="seleniumRc" time="0.001" classname="com.TestNg_Project.Grouping_Features"/>
  <system-out/>
  <testcase name="inheritance" time="0.002" classname="com.TestNg_Project.Grouping_Features"/>
  <system-out/>
  <testcase name="seleniumGrid" time="0.002" classname="com.TestNg_Project.Grouping_Features"/>
  <system-out/>
  <testcase name="encapsulation" time="0.002" classname="com.TestNg_Project.Grouping_Features"/>
  <system-out/>
  <testcase name="webdriver" time="0.001" classname="com.TestNg_Project.Grouping_Features"/>
  <system-out/>
  <testcase name="seleniumIde" time="0.001" classname="com.TestNg_Project.Grouping_Features"/>
  <system-out/>
  <testcase name="abstraction" time="0.009" classname="com.TestNg_Project.Grouping_Features"/>
  <system-out/>
</testsuite> <!-- com.TestNg_Project.Grouping_Features -->
