<?xml version="1.0" encoding="UTF-8"?>
<!-- Generated by org.testng.reporters.JUnitReportReporter -->
<testsuite skipped="0" hostname="Rajesh-V" name="com.TestNg_Project.Assert_Concept" tests="2" failures="0" timestamp="2021-12-28T13:48:11 IST" time="0.017" errors="0">
  <testcase name="Demo_Username" time="0.015" classname="com.TestNg_Project.Assert_Concept"/>
  <system-out/>
  <testcase name="Demo_Password" time="0.002" classname="com.TestNg_Project.Assert_Concept"/>
  <system-out/>
</testsuite> <!-- com.TestNg_Project.Assert_Concept -->
