<?xml version="1.0" encoding="UTF-8"?>
<!-- Generated by org.testng.reporters.JUnitReportReporter -->
<testsuite skipped="0" hostname="Rajesh-V" name="com.TestNg_Project.Soft_Assert" tests="1" failures="0" timestamp="2021-12-28T14:02:05 IST" time="0.018" errors="0">
  <testcase name="Demo_Username" time="0.018" classname="com.TestNg_Project.Soft_Assert"/>
  <system-out/>
</testsuite> <!-- com.TestNg_Project.Soft_Assert -->
