<?xml version="1.0" encoding="UTF-8"?>
<!-- Generated by org.testng.reporters.JUnitReportReporter -->
<testsuite skipped="1" hostname="Rajesh-V" name="com.TestNg_Project.Ignore_Concept" tests="4" failures="0" timestamp="2021-12-28T13:14:20 IST" time="0.017" errors="0">
  <testcase name="facebook" time="0.008" classname="com.TestNg_Project.Ignore_Concept"/>
  <system-out/>
  <testcase name="whatsapp" time="0.004" classname="com.TestNg_Project.Ignore_Concept"/>
  <system-out/>
  <testcase name="spotify" time="0.005" classname="com.TestNg_Project.Ignore_Concept"/>
  <system-out/>
  <testcase name="wynkmusic" classname="com.TestNg_Project.Ignore_Concept">
    <skipped/>
  </testcase> <!-- wynkmusic -->
  <system-out/>
</testsuite> <!-- com.TestNg_Project.Ignore_Concept -->
